<?xml version="1.0" encoding="UTF-8"?>
<!-- Generated by org.testng.reporters.JUnitReportReporter -->
<testsuite hostname="IXEDLAP00809" failures="0" tests="12" name="runner.TestRunner" time="174.793" errors="1" timestamp="2024-04-13T12:14:35 IST" skipped="0">
  <testcase classname="runner.TestRunner" name="runScenario" time="14.703"/>
  <testcase classname="runner.TestRunner" name="runScenario" time="8.336"/>
  <testcase classname="runner.TestRunner" name="runScenario" time="12.151"/>
  <testcase classname="runner.TestRunner" name="runScenario" time="9.559"/>
  <testcase classname="runner.TestRunner" name="runScenario" time="16.011"/>
  <testcase classname="runner.TestRunner" name="runScenario" time="10.099"/>
  <testcase classname="runner.TestRunner" name="runScenario" time="7.598"/>
  <testcase classname="runner.TestRunner" name="runScenario" time="7.865"/>
  <testcase classname="runner.TestRunner" name="runScenario" time="16.893"/>
  <testcase classname="runner.TestRunner" name="runScenario" time="14.773"/>
  <testcase classname="runner.TestRunner" name="runScenario" time="13.207"/>
  <testcase classname="runner.TestRunner" name="runScenario" time="43.598">
    <error message="Cannot invoke &quot;Object.getClass()&quot; because &quot;exceptionDriver&quot; is null" type="java.lang.NullPointerException">
      <![CDATA[java.lang.NullPointerException: Cannot invoke "Object.getClass()" because "exceptionDriver" is null
at org.openqa.selenium.support.ui.WebDriverWait.timeoutException(WebDriverWait.java:85)
at org.openqa.selenium.support.ui.FluentWait.until(FluentWait.java:228)
at utils.ElementsUtils.explicitWaitForVisibilityOfWebElements(ElementsUtils.java:43)
at utils.ElementsUtils.fetchTextUsinggetText(ElementsUtils.java:102)
at pages.MyAccountPage.editYourAccountInformationText(MyAccountPage.java:25)
at stepdefinations.Login.user_should_able_to_log_into_the_app_successfully(Login.java:57)
at âœ½.user should able to log into the app successfully(file:///C:/Users/rupeshkumar.suryawan/eclipse-workspace/BDDCucumberSeleniumJava/src/test/resources/features/Login.feature:36)
]]>
    </error>
  </testcase> <!-- runScenario -->
</testsuite> <!-- runner.TestRunner -->
